2022-09-09 14:45:03.951 [main] INFO  o.s.b.t.context.SpringBootTestContextBootstrapper - Neither @ContextConfiguration nor @ContextHierarchy found for test class [com.weiho.scaffold.system.mapper.AvatarMapperTest], using SpringBootContextLoader
2022-09-09 14:45:03.960 [main] INFO  o.s.test.context.support.AbstractContextLoader - Could not detect default resource locations for test class [com.weiho.scaffold.system.mapper.AvatarMapperTest]: no resource found for suffixes {-context.xml, Context.groovy}.
2022-09-09 14:45:03.961 [main] INFO  o.s.t.c.support.AnnotationConfigContextLoaderUtils - Could not detect default configuration classes for test class [com.weiho.scaffold.system.mapper.AvatarMapperTest]: AvatarMapperTest does not declare any static, non-private, non-final, nested classes annotated with @Configuration.
2022-09-09 14:45:04.126 [main] INFO  o.s.b.t.context.SpringBootTestContextBootstrapper - Found @SpringBootConfiguration com.weiho.scaffold.system.AppRun for test class com.weiho.scaffold.system.mapper.AvatarMapperTest
2022-09-09 14:45:04.249 [main] INFO  o.s.b.t.context.SpringBootTestContextBootstrapper - Loaded default TestExecutionListener class names from location [META-INF/spring.factories]: [org.springframework.boot.test.mock.mockito.MockitoTestExecutionListener, org.springframework.boot.test.mock.mockito.ResetMocksTestExecutionListener, org.springframework.boot.test.autoconfigure.restdocs.RestDocsTestExecutionListener, org.springframework.boot.test.autoconfigure.web.client.MockRestServiceServerResetTestExecutionListener, org.springframework.boot.test.autoconfigure.web.servlet.MockMvcPrintOnlyOnFailureTestExecutionListener, org.springframework.boot.test.autoconfigure.web.servlet.WebDriverTestExecutionListener, org.springframework.boot.test.autoconfigure.webservices.client.MockWebServiceServerTestExecutionListener, org.springframework.test.context.web.ServletTestExecutionListener, org.springframework.test.context.support.DirtiesContextBeforeModesTestExecutionListener, org.springframework.test.context.event.ApplicationEventsTestExecutionListener, org.springframework.test.context.support.DependencyInjectionTestExecutionListener, org.springframework.test.context.support.DirtiesContextTestExecutionListener, org.springframework.test.context.transaction.TransactionalTestExecutionListener, org.springframework.test.context.jdbc.SqlScriptsTestExecutionListener, org.springframework.test.context.event.EventPublishingTestExecutionListener, org.springframework.security.test.context.support.WithSecurityContextTestExecutionListener, org.springframework.security.test.context.support.ReactorContextTestExecutionListener]
2022-09-09 14:45:04.277 [main] INFO  o.s.b.t.context.SpringBootTestContextBootstrapper - Using TestExecutionListeners: [org.springframework.test.context.web.ServletTestExecutionListener@53fd0d10, org.springframework.test.context.support.DirtiesContextBeforeModesTestExecutionListener@6c0d9d86, org.springframework.test.context.event.ApplicationEventsTestExecutionListener@4ce1d6d0, org.springframework.boot.test.mock.mockito.MockitoTestExecutionListener@24111ef1, org.springframework.boot.test.autoconfigure.SpringBootDependencyInjectionTestExecutionListener@1f3f02ee, org.springframework.test.context.support.DirtiesContextTestExecutionListener@1fde5d22, org.springframework.test.context.transaction.TransactionalTestExecutionListener@5dcb4f5f, org.springframework.test.context.jdbc.SqlScriptsTestExecutionListener@71812481, org.springframework.test.context.event.EventPublishingTestExecutionListener@16ce702d, org.springframework.security.test.context.support.WithSecurityContextTestExecutionListener@7b94089b, org.springframework.security.test.context.support.ReactorContextTestExecutionListener@7ca20101, org.springframework.boot.test.mock.mockito.ResetMocksTestExecutionListener@47f9738, org.springframework.boot.test.autoconfigure.restdocs.RestDocsTestExecutionListener@6155d082, org.springframework.boot.test.autoconfigure.web.client.MockRestServiceServerResetTestExecutionListener@3a5ecce3, org.springframework.boot.test.autoconfigure.web.servlet.MockMvcPrintOnlyOnFailureTestExecutionListener@561868a0, org.springframework.boot.test.autoconfigure.web.servlet.WebDriverTestExecutionListener@2ea6e30c, org.springframework.boot.test.autoconfigure.webservices.client.MockWebServiceServerTestExecutionListener@6138e79a]
2022-09-09 14:45:04.689 [background-preinit] INFO  org.hibernate.validator.internal.util.Version - HV000001: Hibernate Validator 6.2.3.Final
2022-09-09 14:45:04.699 [main] INFO  com.weiho.scaffold.system.mapper.AvatarMapperTest - Starting AvatarMapperTest using Java 1.8.0_144 on LAPTOP-SR0899OB with PID 21260 (started by Weiho in E:\Graduation_ChouChou\Scaffold-Weiho\Scaffold\scaffold-system)
2022-09-09 14:45:04.700 [main] DEBUG com.weiho.scaffold.system.mapper.AvatarMapperTest - Running with Spring Boot v2.7.0, Spring v5.3.20
2022-09-09 14:45:04.702 [main] INFO  com.weiho.scaffold.system.mapper.AvatarMapperTest - No active profile set, falling back to 1 default profile: "default"
2022-09-09 14:45:06.091 [main] INFO  o.s.d.r.config.RepositoryConfigurationDelegate - Multiple Spring Data modules found, entering strict repository configuration mode!
2022-09-09 14:45:06.094 [main] INFO  o.s.d.r.config.RepositoryConfigurationDelegate - Bootstrapping Spring Data Redis repositories in DEFAULT mode.
2022-09-09 14:45:06.122 [main] INFO  o.s.d.r.config.RepositoryConfigurationDelegate - Finished Spring Data repository scanning in 16 ms. Found 0 Redis repository interfaces.
2022-09-09 14:45:07.895 [main] INFO  o.s.boot.web.embedded.tomcat.TomcatWebServer - Tomcat initialized with port(s): 0 (http)
2022-09-09 14:45:07.908 [main] INFO  org.apache.coyote.http11.Http11NioProtocol - Initializing ProtocolHandler ["http-nio-auto-1"]
2022-09-09 14:45:07.908 [main] INFO  org.apache.catalina.core.StandardService - Starting service [Tomcat]
2022-09-09 14:45:07.908 [main] INFO  org.apache.catalina.core.StandardEngine - Starting Servlet engine: [Apache Tomcat/9.0.63]
2022-09-09 14:45:08.058 [main] INFO  o.a.c.core.ContainerBase.[Tomcat].[localhost].[/] - Initializing Spring embedded WebApplicationContext
2022-09-09 14:45:08.058 [main] INFO  o.s.b.w.s.c.ServletWebServerApplicationContext - Root WebApplicationContext: initialization completed in 3303 ms
2022-09-09 14:45:08.475 [main] INFO  c.a.d.s.b.a.DruidDataSourceAutoConfigure - Init DruidDataSource
2022-09-09 14:45:09.105 [main] INFO  com.alibaba.druid.pool.DruidDataSource - {dataSource-1} inited
2022-09-09 14:45:12.353 [main] INFO  c.w.scaffold.common.config.swagger.SwaggerConfig - Swagger -> [Swagger接口文档分组 '需要token验证' 初始化]
2022-09-09 14:45:12.386 [main] INFO  c.w.scaffold.common.config.swagger.SwaggerConfig - Swagger -> [Swagger接口文档分组 '不需要token验证' 初始化]
2022-09-09 14:45:13.632 [main] INFO  o.s.security.web.DefaultSecurityFilterChain - Will secure any request with [org.springframework.security.web.session.DisableEncodeUrlFilter@66d69cd2, org.springframework.security.web.context.request.async.WebAsyncManagerIntegrationFilter@32e5fb4c, org.springframework.security.web.context.SecurityContextPersistenceFilter@9a37591, org.springframework.security.web.header.HeaderWriterFilter@1e7113f8, org.springframework.security.web.authentication.logout.LogoutFilter@375ff309, org.springframework.web.filter.CorsFilter@5e68be2, com.weiho.scaffold.system.security.token.filter.TokenFilter@11a7840f, org.springframework.security.web.savedrequest.RequestCacheAwareFilter@361d8567, org.springframework.security.web.servletapi.SecurityContextHolderAwareRequestFilter@1a4ae53d, org.springframework.security.web.authentication.AnonymousAuthenticationFilter@1d3e5a05, org.springframework.security.web.session.SessionManagementFilter@7741507c, org.springframework.security.web.access.ExceptionTranslationFilter@13866865, org.springframework.security.web.access.intercept.FilterSecurityInterceptor@74797b90]
2022-09-09 14:45:13.958 [main] INFO  com.weiho.scaffold.redis.config.RedisConfig - Redis -> [Redis缓存错误处理程序初始化]
2022-09-09 14:45:14.763 [main] INFO  org.apache.coyote.http11.Http11NioProtocol - Starting ProtocolHandler ["http-nio-auto-1"]
2022-09-09 14:45:14.792 [main] INFO  o.a.c.core.ContainerBase.[Tomcat].[localhost].[/] - Initializing Spring DispatcherServlet 'dispatcherServlet'
2022-09-09 14:45:14.792 [main] INFO  org.springframework.web.servlet.DispatcherServlet - Initializing Servlet 'dispatcherServlet'
2022-09-09 14:45:14.794 [main] INFO  org.springframework.web.servlet.DispatcherServlet - Completed initialization in 2 ms
2022-09-09 14:45:14.795 [main] INFO  o.s.boot.web.embedded.tomcat.TomcatWebServer - Tomcat started on port(s): 28132 (http) with context path ''
2022-09-09 14:45:15.214 [main] INFO  o.s.a.rabbit.connection.CachingConnectionFactory - Attempting to connect to: [192.168.137.128:5672]
2022-09-09 14:45:15.294 [main] INFO  o.s.a.rabbit.connection.CachingConnectionFactory - Created new connection: rabbitConnectionFactory#4a6ef712:0/SimpleConnection@7c919e1e [delegate=amqp://admin@192.168.137.128:5672/, localPort= 28138]
2022-09-09 14:45:15.362 [main] INFO  com.weiho.scaffold.system.mapper.AvatarMapperTest - Started AvatarMapperTest in 11.04 seconds (JVM running for 12.464)
2022-09-09 14:45:15.847 [org.springframework.amqp.rabbit.RabbitListenerEndpointContainer#0-2] INFO  o.s.a.r.listener.SimpleMessageListenerContainer - Waiting for workers to finish.
2022-09-09 14:45:16.352 [org.springframework.amqp.rabbit.RabbitListenerEndpointContainer#0-2] INFO  o.s.a.r.listener.SimpleMessageListenerContainer - Successfully waited for workers to finish.
2022-09-09 14:45:16.564 [SpringApplicationShutdownHook] INFO  o.s.a.r.listener.SimpleMessageListenerContainer - Shutdown ignored - container is already stopped
2022-09-09 14:45:16.565 [SpringApplicationShutdownHook] INFO  c.w.s.common.util.spring.SpringContextHolder - SpringContextHolder -> [清除SpringContextHolder中的ApplicationContext:org.springframework.boot.web.servlet.context.AnnotationConfigServletWebServerApplicationContext@9cd25ff, started on Fri Sep 09 14:45:04 GMT+08:00 2022]
2022-09-09 14:45:16.596 [SpringApplicationShutdownHook] INFO  com.alibaba.druid.pool.DruidDataSource - {dataSource-1} closing ...
2022-09-09 14:45:16.605 [SpringApplicationShutdownHook] INFO  com.alibaba.druid.pool.DruidDataSource - {dataSource-1} closed
