2022-08-23 17:45:34.923 [background-preinit] INFO  org.hibernate.validator.internal.util.Version - HV000001: Hibernate Validator 6.2.3.Final
2022-08-23 17:45:34.935 [restartedMain] INFO  com.weiho.scaffold.system.AppRun - Starting AppRun using Java 1.8.0_144 on LAPTOP-SR0899OB with PID 15860 (E:\Graduation_ChouChou\Scaffold-Weiho\Scaffold\scaffold-system\target\classes started by Weiho in E:\Graduation_ChouChou\Scaffold-Weiho\Scaffold)
2022-08-23 17:45:34.936 [restartedMain] DEBUG com.weiho.scaffold.system.AppRun - Running with Spring Boot v2.7.0, Spring v5.3.20
2022-08-23 17:45:34.936 [restartedMain] INFO  com.weiho.scaffold.system.AppRun - No active profile set, falling back to 1 default profile: "default"
2022-08-23 17:45:35.038 [restartedMain] INFO  o.s.b.d.env.DevToolsPropertyDefaultsPostProcessor - Devtools property defaults active! Set 'spring.devtools.add-properties' to 'false' to disable
2022-08-23 17:45:35.038 [restartedMain] INFO  o.s.b.d.env.DevToolsPropertyDefaultsPostProcessor - For additional web related logging consider setting the 'logging.level.web' property to 'DEBUG'
2022-08-23 17:45:36.167 [restartedMain] INFO  o.s.d.r.config.RepositoryConfigurationDelegate - Multiple Spring Data modules found, entering strict repository configuration mode!
2022-08-23 17:45:36.168 [restartedMain] INFO  o.s.d.r.config.RepositoryConfigurationDelegate - Bootstrapping Spring Data Redis repositories in DEFAULT mode.
2022-08-23 17:45:36.191 [restartedMain] INFO  o.s.d.r.config.RepositoryConfigurationDelegate - Finished Spring Data repository scanning in 13 ms. Found 0 Redis repository interfaces.
2022-08-23 17:45:36.946 [restartedMain] INFO  o.s.boot.web.embedded.tomcat.TomcatWebServer - Tomcat initialized with port(s): 8888 (http)
2022-08-23 17:45:36.953 [restartedMain] INFO  org.apache.coyote.http11.Http11NioProtocol - Initializing ProtocolHandler ["http-nio-8888"]
2022-08-23 17:45:36.953 [restartedMain] INFO  org.apache.catalina.core.StandardService - Starting service [Tomcat]
2022-08-23 17:45:36.953 [restartedMain] INFO  org.apache.catalina.core.StandardEngine - Starting Servlet engine: [Apache Tomcat/9.0.63]
2022-08-23 17:45:37.015 [restartedMain] INFO  o.a.c.core.ContainerBase.[Tomcat].[localhost].[/] - Initializing Spring embedded WebApplicationContext
2022-08-23 17:45:37.016 [restartedMain] INFO  o.s.b.w.s.c.ServletWebServerApplicationContext - Root WebApplicationContext: initialization completed in 1977 ms
2022-08-23 17:45:37.188 [restartedMain] INFO  c.a.d.s.b.a.DruidDataSourceAutoConfigure - Init DruidDataSource
2022-08-23 17:45:37.546 [restartedMain] INFO  com.alibaba.druid.pool.DruidDataSource - {dataSource-1} inited
2022-08-23 17:45:38.777 [restartedMain] INFO  c.w.scaffold.common.config.swagger.SwaggerConfig - Swagger -> [Swagger接口文档分组 '需要token验证' 初始化]
2022-08-23 17:45:38.796 [restartedMain] INFO  c.w.scaffold.common.config.swagger.SwaggerConfig - Swagger -> [Swagger接口文档分组 '不需要token验证' 初始化]
2022-08-23 17:45:39.148 [restartedMain] INFO  o.s.b.d.autoconfigure.OptionalLiveReloadServer - LiveReload server is running on port 35729
2022-08-23 17:45:39.476 [restartedMain] INFO  o.s.security.web.DefaultSecurityFilterChain - Will secure any request with [org.springframework.security.web.session.DisableEncodeUrlFilter@474fd891, org.springframework.security.web.context.request.async.WebAsyncManagerIntegrationFilter@76578754, org.springframework.security.web.context.SecurityContextPersistenceFilter@26d3d509, org.springframework.security.web.header.HeaderWriterFilter@6a99dd9d, org.springframework.security.web.authentication.logout.LogoutFilter@30991842, org.springframework.web.filter.CorsFilter@1e9404ea, com.weiho.scaffold.system.security.token.filter.TokenFilter@2151e82a, org.springframework.security.web.savedrequest.RequestCacheAwareFilter@682f6dc4, org.springframework.security.web.servletapi.SecurityContextHolderAwareRequestFilter@bcaaba4, org.springframework.security.web.authentication.AnonymousAuthenticationFilter@4497fee2, org.springframework.security.web.session.SessionManagementFilter@6ff7b5d0, org.springframework.security.web.access.ExceptionTranslationFilter@5ca19941, org.springframework.security.web.access.intercept.FilterSecurityInterceptor@4b7c0dd7]
2022-08-23 17:45:39.576 [restartedMain] INFO  com.weiho.scaffold.common.config.redis.RedisConfig - Redis -> [Redis缓存错误处理程序初始化]
2022-08-23 17:45:39.988 [restartedMain] INFO  org.apache.coyote.http11.Http11NioProtocol - Starting ProtocolHandler ["http-nio-8888"]
2022-08-23 17:45:40.007 [restartedMain] INFO  o.a.c.core.ContainerBase.[Tomcat].[localhost].[/] - Initializing Spring DispatcherServlet 'dispatcherServlet'
2022-08-23 17:45:40.007 [restartedMain] INFO  org.springframework.web.servlet.DispatcherServlet - Initializing Servlet 'dispatcherServlet'
2022-08-23 17:45:40.009 [restartedMain] INFO  org.springframework.web.servlet.DispatcherServlet - Completed initialization in 2 ms
2022-08-23 17:45:40.010 [restartedMain] INFO  o.s.boot.web.embedded.tomcat.TomcatWebServer - Tomcat started on port(s): 8888 (http) with context path ''
2022-08-23 17:45:40.183 [restartedMain] INFO  com.weiho.scaffold.system.AppRun - Started AppRun in 5.61 seconds (JVM running for 6.601)
2022-08-23 17:46:06.330 [http-nio-8888-exec-2] INFO  c.w.s.system.security.token.filter.TokenFilter - Security -> 将身份验证设置为安全上下文,身份:{root},uri:{/api/user/info}
2022-08-23 17:46:06.401 [http-nio-8888-exec-2] INFO  c.weiho.scaffold.common.limiting.RateLimiterAspect - 限制请求次数80,当前请求次数1,IP为192.168.137.23
2022-08-23 17:46:06.479 [http-nio-8888-exec-4] INFO  c.w.s.system.security.token.filter.TokenFilter - Security -> 将身份验证设置为安全上下文,身份:{root},uri:{/api/menus/build}
2022-08-23 17:46:14.462 [task-1] INFO  c.w.scaffold.system.monitor.LoggingMonitorServer - Monitor -> [LoggingMonitorServer 控制台日志监测任务开始]
